drwxr-xr-x@    - tanmaydeobhankar 15 Mar 00:19 о—» .git
.rw-r--r--@   65 tanmaydeobhankar 17 Feb 15:20 пҮ“ .gitattributes
drwxr-xr-x@    - tanmaydeobhankar 17 Feb 15:20 о—Ҫ .github
.rw-r--r--@  860 tanmaydeobhankar 17 Feb 15:20 пҮ“ .gitignore
drwxr-xr-x@    - tanmaydeobhankar 17 Feb 15:20 о—ҝ .idea
.rw-r--r--@    7 tanmaydeobhankar 14 Mar 23:05 п…ӣ .python-version
drwxr-xr-x@    - tanmaydeobhankar 17 Feb 15:24 о—ҝ .venv
.rw-r--r--@ 3.4k tanmaydeobhankar 17 Feb 15:20 п’® CODE_OF_CONDUCT.md
.rw-r--r--@ 4.3k tanmaydeobhankar 17 Feb 15:20 п’Ҡ CONTRIBUTING.md
.rw-r--r--@  607 tanmaydeobhankar 17 Feb 15:20 оҷҗ docker-compose.yml
.rw-r--r--@  247 tanmaydeobhankar 17 Feb 15:20 п’ү docker-entrypoint.sh
.rw-r--r--@  618 tanmaydeobhankar 17 Feb 15:20 оҷҗ Dockerfile
drwxr-xr-x@    - tanmaydeobhankar 15 Mar 00:21 о—ҝ FusionIIIT
.rw-r--r--@  30k tanmaydeobhankar 17 Feb 15:20 пҖӯ LICENSE.txt
.rw-r--r--@  613 tanmaydeobhankar 17 Feb 15:20 пҖ– Pipfile
.rw-r--r--@ 8.1k tanmaydeobhankar 17 Feb 15:20 у°Ӯә README.md
.rw-r--r--@ 1.4k tanmaydeobhankar 17 Feb 15:20 оҳҶ requirements.txt
drwxr-xr-x@    - tanmaydeobhankar 17 Feb 15:20 о—ҝ scripts
drwxr-xr-x@    - tanmaydeobhankar 17 Feb 15:20 о—ҝ Test
drwxr-xr-x@    - tanmaydeobhankar 14 Mar 23:05 о—ҝ venv
